Using pre-set license
Built from '2020.2/staging' branch; Version is '2020.2.5f1 (e2c53f129de5) revision 14861631'; Using compiler version '192528614'; Build Type 'Release'
OS: 'Windows 10 Home; OS build 19041.867; Version 2004; 64bit' Language: 'en' Physical Memory: 12171 MB
BatchMode: 1, IsHumanControllingUs: 0, StartBugReporterOnCrash: 0, Is64bit: 1, IsPro: 0

 COMMAND LINE ARGUMENTS:
C:\Program Files\Unity\Hub\Editor\2020.2.5f1\Editor\Unity.exe
-adb2
-batchMode
-noUpm
-name
AssetImportWorker0
-projectPath
D:/CodingProjects/SharkDemoRobertWard
-logFile
Logs/AssetImportWorker0.log
-srvPort
50275
Successfully changed project path to: D:/CodingProjects/SharkDemoRobertWard
D:/CodingProjects/SharkDemoRobertWard
Using Asset Import Pipeline V2.
Refreshing native plugins compatible for Editor in 25.49 ms, found 0 plugins.
Preloading 0 native plugins for Editor in 0.00 ms.
Initialize engine version: 2020.2.5f1 (e2c53f129de5)
[Subsystems] Discovering subsystems at path C:/Program Files/Unity/Hub/Editor/2020.2.5f1/Editor/Data/Resources/UnitySubsystems
[Subsystems] Discovering subsystems at path D:/CodingProjects/SharkDemoRobertWard/Assets
GfxDevice: creating device client; threaded=0
Direct3D:
    Version:  Direct3D 11.0 [level 11.1]
    Renderer: NVIDIA GeForce GTX 1050 (ID=0x1c8d)
    Vendor:   
    VRAM:     4021 MB
    Driver:   26.21.14.4587
Initialize mono
Mono path[0] = 'C:/Program Files/Unity/Hub/Editor/2020.2.5f1/Editor/Data/Managed'
Mono path[1] = 'C:/Program Files/Unity/Hub/Editor/2020.2.5f1/Editor/Data/MonoBleedingEdge/lib/mono/unityjit'
Mono config path = 'C:/Program Files/Unity/Hub/Editor/2020.2.5f1/Editor/Data/MonoBleedingEdge/etc'
Using monoOptions --debugger-agent=transport=dt_socket,embedding=1,server=y,suspend=n,address=127.0.0.1:56940
Begin MonoManager ReloadAssembly
Registering precompiled unity dll's ...
Register platform support module: C:/Program Files/Unity/Hub/Editor/2020.2.5f1/Editor/Data/PlaybackEngines/WebGLSupport/UnityEditor.WebGL.Extensions.dll
Register platform support module: C:/Program Files/Unity/Hub/Editor/2020.2.5f1/Editor/Data/PlaybackEngines/WindowsStandaloneSupport/UnityEditor.WindowsStandalone.Extensions.dll
Registered in 0.002454 seconds.
Native extension for WindowsStandalone target not found
Native extension for WebGL target not found
Refreshing native plugins compatible for Editor in 27.24 ms, found 0 plugins.
Preloading 0 native plugins for Editor in 0.00 ms.
Invoked RoslynAnalysisRunner static constructor.
RoslynAnalysisRunner will not be running.
RoslynAnalysisRunner has terminated.
Mono: successfully reloaded assembly
- Completed reload, in  1.704 seconds
Platform modules already initialized, skipping
Registering precompiled user dll's ...
Registered in 0.000795 seconds.
Begin MonoManager ReloadAssembly
Native extension for WindowsStandalone target not found
Native extension for WebGL target not found
Refreshing native plugins compatible for Editor in 0.19 ms, found 0 plugins.
Preloading 0 native plugins for Editor in 0.00 ms.
Invoked RoslynAnalysisRunner static constructor.
RoslynAnalysisRunner will not be running.
RoslynAnalysisRunner has terminated.
Mono: successfully reloaded assembly
- Completed reload, in  0.994 seconds
Platform modules already initialized, skipping
========================================================================
Worker process is ready to serve import requests
Launched and connected shader compiler UnityShaderCompiler.exe after 0.05 seconds
Refreshing native plugins compatible for Editor in 0.21 ms, found 0 plugins.
Preloading 0 native plugins for Editor in 0.00 ms.
Unloading 1109 Unused Serialized files (Serialized files now loaded: 0)
System memory in use before: 57.0 MB.
System memory in use after: 57.0 MB.

Unloading 10 unused Assets to reduce memory usage. Loaded Objects now: 1551.
Total: 2.817700 ms (FindLiveObjects: 0.298500 ms CreateObjectMapping: 0.088700 ms MarkObjects: 2.318500 ms  DeleteObjects: 0.110000 ms)

========================================================================
Received Import Request.
  path: Assets/Prefabs/Player.prefab
  artifactKey: Guid(54eda20090c18d5488576aeba81d9cb7) Importer(815301076,1909f56bfc062723c751e8b465ee728b)
Start importing Assets/Prefabs/Player.prefab using Guid(54eda20090c18d5488576aeba81d9cb7) Importer(815301076,1909f56bfc062723c751e8b465ee728b)  -> (artifact id: '19354ac94d405c5346063941fdcad2a3') in 0.158805 seconds
  Import took 0.161400 seconds .

========================================================================
Received Prepare
Refreshing native plugins compatible for Editor in 0.68 ms, found 0 plugins.
Preloading 0 native plugins for Editor in 0.00 ms.
Unloading 3 Unused Serialized files (Serialized files now loaded: 0)
System memory in use before: 52.5 MB.
System memory in use after: 52.5 MB.

Unloading 3 unused Assets to reduce memory usage. Loaded Objects now: 1559.
Total: 2.777300 ms (FindLiveObjects: 0.161100 ms CreateObjectMapping: 0.045900 ms MarkObjects: 2.446600 ms  DeleteObjects: 0.122400 ms)

========================================================================
Received Import Request.
  Time since last request: 0.806966 seconds.
  path: Assets/Prefabs/BasicFish.prefab
  artifactKey: Guid(632950945cb2df346ba68a9729d77853) Importer(815301076,1909f56bfc062723c751e8b465ee728b)
Start importing Assets/Prefabs/BasicFish.prefab using Guid(632950945cb2df346ba68a9729d77853) Importer(815301076,1909f56bfc062723c751e8b465ee728b)  -> (artifact id: 'e9af220070f5dd431973de22d728f306') in 0.019860 seconds
  Import took 0.022377 seconds .

========================================================================
Received Import Request.
  Time since last request: 1.644751 seconds.
  path: Assets/Prefabs/BasicFish.prefab
  artifactKey: Guid(632950945cb2df346ba68a9729d77853) Importer(815301076,1909f56bfc062723c751e8b465ee728b)
Start importing Assets/Prefabs/BasicFish.prefab using Guid(632950945cb2df346ba68a9729d77853) Importer(815301076,1909f56bfc062723c751e8b465ee728b)  -> (artifact id: 'ade529f4c9aadac40b0c3de3d1bbd062') in 0.017178 seconds
  Import took 0.019726 seconds .

========================================================================
Received Import Request.
  Time since last request: 2.409749 seconds.
  path: Assets/Prefabs/BasicFish.prefab
  artifactKey: Guid(632950945cb2df346ba68a9729d77853) Importer(815301076,1909f56bfc062723c751e8b465ee728b)
Start importing Assets/Prefabs/BasicFish.prefab using Guid(632950945cb2df346ba68a9729d77853) Importer(815301076,1909f56bfc062723c751e8b465ee728b)  -> (artifact id: '24bf065173a53f4576ac689c50c67469') in 0.011990 seconds
  Import took 0.015235 seconds .

========================================================================
Received Import Request.
  Time since last request: 3.263193 seconds.
  path: Assets/Prefabs/BigFish.prefab
  artifactKey: Guid(524e2e16dd131a64fb7b4bd9aab481d4) Importer(815301076,1909f56bfc062723c751e8b465ee728b)
Start importing Assets/Prefabs/BigFish.prefab using Guid(524e2e16dd131a64fb7b4bd9aab481d4) Importer(815301076,1909f56bfc062723c751e8b465ee728b)  -> (artifact id: '32c7a6c01cb41b708772ee9cba16947c') in 0.021492 seconds
  Import took 0.024509 seconds .

========================================================================
Received Import Request.
  Time since last request: 1.399063 seconds.
  path: Assets/Prefabs/BigFish.prefab
  artifactKey: Guid(524e2e16dd131a64fb7b4bd9aab481d4) Importer(815301076,1909f56bfc062723c751e8b465ee728b)
Start importing Assets/Prefabs/BigFish.prefab using Guid(524e2e16dd131a64fb7b4bd9aab481d4) Importer(815301076,1909f56bfc062723c751e8b465ee728b)  -> (artifact id: 'ebe44904ebe348bd60cdd6546ecb2b32') in 0.015652 seconds
  Import took 0.018203 seconds .

========================================================================
Received Import Request.
  Time since last request: 2.663320 seconds.
  path: Assets/Prefabs/BigFish.prefab
  artifactKey: Guid(524e2e16dd131a64fb7b4bd9aab481d4) Importer(815301076,1909f56bfc062723c751e8b465ee728b)
Start importing Assets/Prefabs/BigFish.prefab using Guid(524e2e16dd131a64fb7b4bd9aab481d4) Importer(815301076,1909f56bfc062723c751e8b465ee728b)  -> (artifact id: 'e25821808ae07d657499184cdb11732b') in 0.016395 seconds
  Import took 0.019383 seconds .

========================================================================
Received Import Request.
  Time since last request: 2.650573 seconds.
  path: Assets/Prefabs/Manta ray.prefab
  artifactKey: Guid(2409bd234e24f824bb049dc23708a6fd) Importer(815301076,1909f56bfc062723c751e8b465ee728b)
Start importing Assets/Prefabs/Manta ray.prefab using Guid(2409bd234e24f824bb049dc23708a6fd) Importer(815301076,1909f56bfc062723c751e8b465ee728b)  -> (artifact id: '26c58d9bf8be82022dd20194ee6eb220') in 0.018095 seconds
  Import took 0.021536 seconds .

========================================================================
Received Import Request.
  Time since last request: 1.612888 seconds.
  path: Assets/Prefabs/Manta ray.prefab
  artifactKey: Guid(2409bd234e24f824bb049dc23708a6fd) Importer(815301076,1909f56bfc062723c751e8b465ee728b)
Start importing Assets/Prefabs/Manta ray.prefab using Guid(2409bd234e24f824bb049dc23708a6fd) Importer(815301076,1909f56bfc062723c751e8b465ee728b)  -> (artifact id: 'ef0f91d8f019c587541343e0ac980169') in 0.016923 seconds
  Import took 0.020047 seconds .

========================================================================
Received Import Request.
  Time since last request: 2.007220 seconds.
  path: Assets/Prefabs/Manta ray.prefab
  artifactKey: Guid(2409bd234e24f824bb049dc23708a6fd) Importer(815301076,1909f56bfc062723c751e8b465ee728b)
Start importing Assets/Prefabs/Manta ray.prefab using Guid(2409bd234e24f824bb049dc23708a6fd) Importer(815301076,1909f56bfc062723c751e8b465ee728b)  -> (artifact id: '5689c0f1e7299bd69ba2cded54ba96e8') in 0.012888 seconds
  Import took 0.016453 seconds .

========================================================================
Received Import Request.
  Time since last request: 4.544847 seconds.
  path: Assets/Prefabs/MedFish.prefab
  artifactKey: Guid(cd4757b985b518d439377350d0cf51f8) Importer(815301076,1909f56bfc062723c751e8b465ee728b)
Start importing Assets/Prefabs/MedFish.prefab using Guid(cd4757b985b518d439377350d0cf51f8) Importer(815301076,1909f56bfc062723c751e8b465ee728b)  -> (artifact id: '22fadf227cde0db159fed13192686868') in 0.017364 seconds
  Import took 0.020620 seconds .

========================================================================
Received Import Request.
  Time since last request: 1.575924 seconds.
  path: Assets/Prefabs/MedFish.prefab
  artifactKey: Guid(cd4757b985b518d439377350d0cf51f8) Importer(815301076,1909f56bfc062723c751e8b465ee728b)
Start importing Assets/Prefabs/MedFish.prefab using Guid(cd4757b985b518d439377350d0cf51f8) Importer(815301076,1909f56bfc062723c751e8b465ee728b)  -> (artifact id: 'ea5846688d0c297c5a4bcf1169dd5d85') in 0.015624 seconds
  Import took 0.018063 seconds .

========================================================================
Received Import Request.
  Time since last request: 3.601291 seconds.
  path: Assets/Prefabs/MedFish.prefab
  artifactKey: Guid(cd4757b985b518d439377350d0cf51f8) Importer(815301076,1909f56bfc062723c751e8b465ee728b)
Start importing Assets/Prefabs/MedFish.prefab using Guid(cd4757b985b518d439377350d0cf51f8) Importer(815301076,1909f56bfc062723c751e8b465ee728b)  -> (artifact id: '4da3bd1ea54c5944002754933d0d2aa0') in 0.014403 seconds
  Import took 0.017514 seconds .

========================================================================
Received Import Request.
  Time since last request: 0.006850 seconds.
  path: Assets/Prefabs/MedFish.prefab
  artifactKey: Guid(cd4757b985b518d439377350d0cf51f8) Importer(815301076,1909f56bfc062723c751e8b465ee728b)
Start importing Assets/Prefabs/MedFish.prefab using Guid(cd4757b985b518d439377350d0cf51f8) Importer(815301076,1909f56bfc062723c751e8b465ee728b)  -> (artifact id: '4da3bd1ea54c5944002754933d0d2aa0') in 0.013580 seconds
  Import took 0.016389 seconds .

========================================================================
Received Prepare
Registering precompiled user dll's ...
Registered in 0.000844 seconds.
Begin MonoManager ReloadAssembly
Native extension for WindowsStandalone target not found
Native extension for WebGL target not found
Refreshing native plugins compatible for Editor in 0.22 ms, found 0 plugins.
Preloading 0 native plugins for Editor in 0.00 ms.
Invoked RoslynAnalysisRunner static constructor.
RoslynAnalysisRunner will not be running.
RoslynAnalysisRunner has terminated.
Mono: successfully reloaded assembly
- Completed reload, in  1.041 seconds
Platform modules already initialized, skipping
Refreshing native plugins compatible for Editor in 0.22 ms, found 0 plugins.
Preloading 0 native plugins for Editor in 0.00 ms.
Unloading 1104 Unused Serialized files (Serialized files now loaded: 0)
System memory in use before: 74.1 MB.
System memory in use after: 74.2 MB.

Unloading 5 unused Assets to reduce memory usage. Loaded Objects now: 1561.
Total: 2.483200 ms (FindLiveObjects: 0.210100 ms CreateObjectMapping: 0.088900 ms MarkObjects: 2.111100 ms  DeleteObjects: 0.071200 ms)

========================================================================
Received Prepare
Refreshing native plugins compatible for Editor in 0.72 ms, found 0 plugins.
Preloading 0 native plugins for Editor in 0.00 ms.
Unloading 3 Unused Serialized files (Serialized files now loaded: 0)
System memory in use before: 52.3 MB.
System memory in use after: 52.4 MB.

Unloading 3 unused Assets to reduce memory usage. Loaded Objects now: 1561.
Total: 2.737900 ms (FindLiveObjects: 0.247500 ms CreateObjectMapping: 0.092500 ms MarkObjects: 2.267400 ms  DeleteObjects: 0.128000 ms)

========================================================================
Received Prepare
Refreshing native plugins compatible for Editor in 0.88 ms, found 0 plugins.
Preloading 0 native plugins for Editor in 0.00 ms.
Unloading 3 Unused Serialized files (Serialized files now loaded: 0)
System memory in use before: 52.3 MB.
System memory in use after: 52.4 MB.

Unloading 3 unused Assets to reduce memory usage. Loaded Objects now: 1561.
Total: 2.289000 ms (FindLiveObjects: 0.306400 ms CreateObjectMapping: 0.086300 ms MarkObjects: 1.820400 ms  DeleteObjects: 0.074100 ms)

========================================================================
Received Prepare
Refreshing native plugins compatible for Editor in 0.87 ms, found 0 plugins.
Preloading 0 native plugins for Editor in 0.00 ms.
Unloading 3 Unused Serialized files (Serialized files now loaded: 0)
System memory in use before: 52.3 MB.
System memory in use after: 52.4 MB.

Unloading 3 unused Assets to reduce memory usage. Loaded Objects now: 1561.
Total: 3.069700 ms (FindLiveObjects: 0.248900 ms CreateObjectMapping: 0.061500 ms MarkObjects: 2.688300 ms  DeleteObjects: 0.069700 ms)

AssetImportWorkerClient::OnTransportError - code=2 error=End of file
